0 info it worked if it ends with ok
1 verbose cli [ '/usr/local/bin/node',
1 verbose cli   '/usr/local/bin/npm',
1 verbose cli   'install',
1 verbose cli   '-g',
1 verbose cli   'topojson' ]
2 info using npm@2.14.7
3 info using node@v4.2.1
4 verbose install initial load of /usr/local/lib/package.json
5 verbose readDependencies loading dependencies from /usr/local/lib/package.json
6 silly cache add args [ 'topojson', null ]
7 verbose cache add spec topojson
8 silly cache add parsed spec Result {
8 silly cache add   raw: 'topojson',
8 silly cache add   scope: null,
8 silly cache add   name: 'topojson',
8 silly cache add   rawSpec: '',
8 silly cache add   spec: '*',
8 silly cache add   type: 'range' }
9 silly addNamed topojson@*
10 verbose addNamed "*" is a valid semver range for topojson
11 silly addNameRange { name: 'topojson', range: '*', hasData: false }
12 silly mapToRegistry name topojson
13 silly mapToRegistry using default registry
14 silly mapToRegistry registry https://registry.npmjs.org/
15 silly mapToRegistry uri https://registry.npmjs.org/topojson
16 verbose addNameRange registry:https://registry.npmjs.org/topojson not in flight; fetching
17 verbose request uri https://registry.npmjs.org/topojson
18 verbose request no auth needed
19 info attempt registry request try #1 at 5:07:59 PM
20 verbose request id 35926f9efeb4176b
21 verbose etag "5LRKYQBI96QLWU1EREHWJCG09"
22 http request GET https://registry.npmjs.org/topojson
23 http 304 https://registry.npmjs.org/topojson
24 verbose headers { date: 'Tue, 10 Nov 2015 15:08:00 GMT',
24 verbose headers   via: '1.1 varnish',
24 verbose headers   'cache-control': 'max-age=60',
24 verbose headers   etag: '"5LRKYQBI96QLWU1EREHWJCG09"',
24 verbose headers   age: '0',
24 verbose headers   connection: 'keep-alive',
24 verbose headers   'x-served-by': 'cache-ams4133-AMS',
24 verbose headers   'x-cache': 'HIT',
24 verbose headers   'x-cache-hits': '1',
24 verbose headers   'x-timer': 'S1447168080.290902,VS0,VE101',
24 verbose headers   vary: 'Accept' }
25 silly get cb [ 304,
25 silly get   { date: 'Tue, 10 Nov 2015 15:08:00 GMT',
25 silly get     via: '1.1 varnish',
25 silly get     'cache-control': 'max-age=60',
25 silly get     etag: '"5LRKYQBI96QLWU1EREHWJCG09"',
25 silly get     age: '0',
25 silly get     connection: 'keep-alive',
25 silly get     'x-served-by': 'cache-ams4133-AMS',
25 silly get     'x-cache': 'HIT',
25 silly get     'x-cache-hits': '1',
25 silly get     'x-timer': 'S1447168080.290902,VS0,VE101',
25 silly get     vary: 'Accept' } ]
26 verbose etag https://registry.npmjs.org/topojson from cache
27 verbose get saving topojson to /Users/emmilinkola/.npm/registry.npmjs.org/topojson/.cache.json
28 silly addNameRange number 2 { name: 'topojson', range: '*', hasData: true }
29 silly addNameRange versions [ 'topojson',
29 silly addNameRange   [ '0.0.1',
29 silly addNameRange     '0.0.2',
29 silly addNameRange     '0.0.4',
29 silly addNameRange     '0.0.5',
29 silly addNameRange     '0.0.6',
29 silly addNameRange     '0.0.7',
29 silly addNameRange     '0.0.8',
29 silly addNameRange     '0.0.9',
29 silly addNameRange     '0.0.10',
29 silly addNameRange     '0.0.11',
29 silly addNameRange     '0.0.12',
29 silly addNameRange     '0.0.13',
29 silly addNameRange     '0.0.14',
29 silly addNameRange     '0.0.15',
29 silly addNameRange     '0.0.16',
29 silly addNameRange     '0.0.17',
29 silly addNameRange     '0.0.18',
29 silly addNameRange     '0.0.19',
29 silly addNameRange     '0.0.20',
29 silly addNameRange     '0.0.21',
29 silly addNameRange     '0.0.23',
29 silly addNameRange     '0.0.24',
29 silly addNameRange     '0.0.25',
29 silly addNameRange     '0.0.26',
29 silly addNameRange     '0.0.27',
29 silly addNameRange     '0.0.28',
29 silly addNameRange     '0.0.29',
29 silly addNameRange     '0.0.30',
29 silly addNameRange     '0.0.31',
29 silly addNameRange     '0.0.32',
29 silly addNameRange     '0.0.33',
29 silly addNameRange     '0.0.34',
29 silly addNameRange     '0.0.35',
29 silly addNameRange     '0.0.36',
29 silly addNameRange     '0.0.37',
29 silly addNameRange     '0.0.38',
29 silly addNameRange     '0.0.39',
29 silly addNameRange     '1.0.0',
29 silly addNameRange     '1.1.0',
29 silly addNameRange     '1.1.1',
29 silly addNameRange     '1.1.2',
29 silly addNameRange     '1.1.3',
29 silly addNameRange     '1.1.4',
29 silly addNameRange     '1.1.5',
29 silly addNameRange     '1.1.6',
29 silly addNameRange     '1.2.0',
29 silly addNameRange     '1.2.1',
29 silly addNameRange     '1.2.2',
29 silly addNameRange     '1.2.3',
29 silly addNameRange     '1.3.0',
29 silly addNameRange     '1.4.0',
29 silly addNameRange     '1.4.1',
29 silly addNameRange     '1.4.2',
29 silly addNameRange     '1.4.3',
29 silly addNameRange     '1.4.4',
29 silly addNameRange     '1.4.5',
29 silly addNameRange     '1.4.6',
29 silly addNameRange     '1.4.7',
29 silly addNameRange     '1.4.8',
29 silly addNameRange     '1.4.9',
29 silly addNameRange     '1.5.0',
29 silly addNameRange     '1.5.1',
29 silly addNameRange     '1.5.2',
29 silly addNameRange     '1.5.3',
29 silly addNameRange     '1.5.4',
29 silly addNameRange     '1.6.0',
29 silly addNameRange     '1.6.1',
29 silly addNameRange     '1.6.2',
29 silly addNameRange     '1.6.3',
29 silly addNameRange     '1.6.4',
29 silly addNameRange     '1.6.5',
29 silly addNameRange     '1.6.6',
29 silly addNameRange     '1.6.7',
29 silly addNameRange     '1.6.8',
29 silly addNameRange     '1.6.9',
29 silly addNameRange     '1.6.10',
29 silly addNameRange     '1.6.11',
29 silly addNameRange     '1.6.12',
29 silly addNameRange     '1.6.13',
29 silly addNameRange     '1.6.14',
29 silly addNameRange     '1.6.15',
29 silly addNameRange     '1.6.16',
29 silly addNameRange     '1.6.17',
29 silly addNameRange     '1.6.18',
29 silly addNameRange     '1.6.19' ] ]
30 silly addNamed topojson@1.6.19
31 verbose addNamed "1.6.19" is a plain semver version for topojson
32 silly cache afterAdd topojson@1.6.19
33 verbose afterAdd /Users/emmilinkola/.npm/topojson/1.6.19/package/package.json not in flight; writing
34 verbose afterAdd /Users/emmilinkola/.npm/topojson/1.6.19/package/package.json written
35 silly install resolved [ { name: 'topojson',
35 silly install resolved     version: '1.6.19',
35 silly install resolved     description: 'An extension to GeoJSON that encodes topology.',
35 silly install resolved     keywords: [ 'geojson', 'shapefile' ],
35 silly install resolved     author: { name: 'Mike Bostock', url: 'http://bost.ocks.org/mike' },
35 silly install resolved     repository:
35 silly install resolved      { type: 'git',
35 silly install resolved        url: 'git+https://github.com/mbostock/topojson.git' },
35 silly install resolved     main: 'index.js',
35 silly install resolved     browser: 'topojson.js',
35 silly install resolved     dependencies:
35 silly install resolved      { d3: '3',
35 silly install resolved        'd3-geo-projection': '0.2',
35 silly install resolved        optimist: '0.3',
35 silly install resolved        'queue-async': '1.0',
35 silly install resolved        rw: '0.1',
35 silly install resolved        shapefile: '0.3' },
35 silly install resolved     devDependencies:
35 silly install resolved      { vows: '0.7',
35 silly install resolved        'uglify-js': '2',
35 silly install resolved        'us-atlas': '0.0',
35 silly install resolved        'world-atlas': '0.0' },
35 silly install resolved     bin:
35 silly install resolved      { topojson: './bin/topojson',
35 silly install resolved        'topojson-geojson': './bin/topojson-geojson',
35 silly install resolved        'topojson-group': './bin/topojson-group',
35 silly install resolved        'topojson-merge': './bin/topojson-merge',
35 silly install resolved        'topojson-svg': './bin/topojson-svg' },
35 silly install resolved     scripts: { test: 'vows; echo' },
35 silly install resolved     gitHead: 'd33d59343552f986fd90df83e3947b53011874f1',
35 silly install resolved     bugs: { url: 'https://github.com/mbostock/topojson/issues' },
35 silly install resolved     homepage: 'https://github.com/mbostock/topojson',
35 silly install resolved     _id: 'topojson@1.6.19',
35 silly install resolved     _shasum: 'da2286b2e259a62e1e2f684d775b9ef55e7ca2ca',
35 silly install resolved     _from: 'topojson@*',
35 silly install resolved     _npmVersion: '2.5.1',
35 silly install resolved     _nodeVersion: '0.12.0',
35 silly install resolved     _npmUser: { name: 'mbostock', email: 'mbostock@gmail.com' },
35 silly install resolved     maintainers: [ [Object], [Object] ],
35 silly install resolved     dist:
35 silly install resolved      { shasum: 'da2286b2e259a62e1e2f684d775b9ef55e7ca2ca',
35 silly install resolved        tarball: 'http://registry.npmjs.org/topojson/-/topojson-1.6.19.tgz' },
35 silly install resolved     directories: {},
35 silly install resolved     _resolved: 'https://registry.npmjs.org/topojson/-/topojson-1.6.19.tgz',
35 silly install resolved     readme: 'ERROR: No README data found!' } ]
36 info install topojson@1.6.19 into /usr/local/lib
37 info installOne topojson@1.6.19
38 verbose installOne of topojson to /usr/local/lib not in flight; installing
39 verbose lock using /Users/emmilinkola/.npm/_locks/topojson-e6d65fb9a62fe43d.lock for /usr/local/lib/node_modules/topojson
40 silly install write writing topojson 1.6.19 to /usr/local/lib/node_modules/topojson
41 verbose unbuild lib/node_modules/topojson
42 silly gentlyRm /usr/local/lib/node_modules/topojson is being purged from base /usr/local
43 verbose gentlyRm don't care about contents; nuking /usr/local/lib/node_modules/topojson
44 verbose tar unpack /Users/emmilinkola/.npm/topojson/1.6.19/package.tgz
45 verbose tar unpacking to /usr/local/lib/node_modules/topojson
46 silly gentlyRm /usr/local/lib/node_modules/topojson is being purged
47 verbose gentlyRm don't care about contents; nuking /usr/local/lib/node_modules/topojson
48 silly gunzTarPerm modes [ '755', '644' ]
49 error tar.unpack untar error /Users/emmilinkola/.npm/topojson/1.6.19/package.tgz
50 verbose unlock done using /Users/emmilinkola/.npm/_locks/topojson-e6d65fb9a62fe43d.lock for /usr/local/lib/node_modules/topojson
51 verbose fstream_path /usr/local/lib/node_modules/topojson
52 verbose fstream_type Directory
53 verbose fstream_class DirWriter
54 verbose stack Error: EACCES: permission denied, mkdir '/usr/local/lib/node_modules/topojson'
54 verbose stack     at Error (native)
55 verbose fstream_stack /usr/local/lib/node_modules/npm/node_modules/fstream/lib/dir-writer.js:35:25
55 verbose fstream_stack /usr/local/lib/node_modules/npm/node_modules/mkdirp/index.js:47:53
55 verbose fstream_stack FSReqWrap.oncomplete (fs.js:82:15)
56 verbose cwd /Users/emmilinkola/PycharmProjects/somekratia
57 error Darwin 14.5.0
58 error argv "/usr/local/bin/node" "/usr/local/bin/npm" "install" "-g" "topojson"
59 error node v4.2.1
60 error npm  v2.14.7
61 error path /usr/local/lib/node_modules/topojson
62 error code EACCES
63 error errno -13
64 error syscall mkdir
65 error Error: EACCES: permission denied, mkdir '/usr/local/lib/node_modules/topojson'
65 error     at Error (native)
65 error  { [Error: EACCES: permission denied, mkdir '/usr/local/lib/node_modules/topojson']
65 error   errno: -13,
65 error   code: 'EACCES',
65 error   syscall: 'mkdir',
65 error   path: '/usr/local/lib/node_modules/topojson',
65 error   fstream_type: 'Directory',
65 error   fstream_path: '/usr/local/lib/node_modules/topojson',
65 error   fstream_class: 'DirWriter',
65 error   fstream_stack:
65 error    [ '/usr/local/lib/node_modules/npm/node_modules/fstream/lib/dir-writer.js:35:25',
65 error      '/usr/local/lib/node_modules/npm/node_modules/mkdirp/index.js:47:53',
65 error      'FSReqWrap.oncomplete (fs.js:82:15)' ] }
66 error Please try running this command again as root/Administrator.
67 verbose exit [ -13, true ]
68 verbose unbuild lib/node_modules/topojson
69 silly gentlyRm /usr/local/lib/node_modules/topojson is being purged from base /usr/local
70 verbose gentlyRm don't care about contents; nuking /usr/local/lib/node_modules/topojson
